mode: set
code.byted.org/houruizhe/stream/stage.go:26.39,28.2 1 1
code.byted.org/houruizhe/stream/stage.go:30.39,32.2 1 1
code.byted.org/houruizhe/stream/stage.go:34.38,36.2 1 1
code.byted.org/houruizhe/stream/stage.go:38.27,40.2 1 1
code.byted.org/houruizhe/stream/stage.go:44.40,45.28 1 1
code.byted.org/houruizhe/stream/stage.go:45.28,47.3 1 1
code.byted.org/houruizhe/stream/stage.go:50.42,51.28 1 1
code.byted.org/houruizhe/stream/stage.go:51.28,53.3 1 1
code.byted.org/houruizhe/stream/stage.go:56.45,57.28 1 1
code.byted.org/houruizhe/stream/stage.go:57.28,59.3 1 1
code.byted.org/houruizhe/stream/stage.go:61.31,62.28 1 1
code.byted.org/houruizhe/stream/stage.go:62.28,64.3 1 1
code.byted.org/houruizhe/stream/stage.go:77.52,86.2 1 1
code.byted.org/houruizhe/stream/stage.go:88.63,90.24 2 1
code.byted.org/houruizhe/stream/stage.go:93.2,93.10 1 1
code.byted.org/houruizhe/stream/stage.go:90.24,92.3 1 1
code.byted.org/houruizhe/stream/stage.go:104.60,106.26 1 1
code.byted.org/houruizhe/stream/stage.go:106.27,106.28 0 1
code.byted.org/houruizhe/stream/stage.go:108.26,108.42 1 1
code.byted.org/houruizhe/stream/stage.go:109.22,109.23 0 1
code.byted.org/houruizhe/stream/stage.go:113.76,115.24 2 1
code.byted.org/houruizhe/stream/stage.go:118.2,118.10 1 1
code.byted.org/houruizhe/stream/stage.go:115.24,117.3 1 1
code.byted.org/houruizhe/stream/factory.go:20.37,21.51 1 1
code.byted.org/houruizhe/stream/factory.go:24.2,27.29 4 1
code.byted.org/houruizhe/stream/factory.go:30.2,30.15 1 1
code.byted.org/houruizhe/stream/factory.go:21.51,22.21 1 1
code.byted.org/houruizhe/stream/factory.go:27.29,29.3 1 1
code.byted.org/houruizhe/stream/factory.go:35.45,36.52 1 1
code.byted.org/houruizhe/stream/factory.go:39.2,43.16 5 1
code.byted.org/houruizhe/stream/factory.go:49.2,49.15 1 1
code.byted.org/houruizhe/stream/factory.go:36.52,37.19 1 1
code.byted.org/houruizhe/stream/factory.go:43.16,48.3 1 1
code.byted.org/houruizhe/stream/factory.go:54.37,56.2 1 1
code.byted.org/houruizhe/stream/factory.go:58.36,66.2 1 1
code.byted.org/houruizhe/stream/factory.go:67.40,75.2 1 1
code.byted.org/houruizhe/stream/factory.go:76.44,84.2 1 1
code.byted.org/houruizhe/stream/factory.go:85.44,93.2 1 1
code.byted.org/houruizhe/stream/factory.go:94.42,102.2 1 1
code.byted.org/houruizhe/stream/factory.go:106.36,107.27 1 1
code.byted.org/houruizhe/stream/factory.go:110.2,110.51 1 1
code.byted.org/houruizhe/stream/factory.go:113.2,121.20 3 1
code.byted.org/houruizhe/stream/factory.go:107.27,109.3 1 1
code.byted.org/houruizhe/stream/factory.go:110.51,111.21 1 1
code.byted.org/houruizhe/stream/factory.go:127.37,128.30 1 1
code.byted.org/houruizhe/stream/factory.go:131.2,131.52 1 1
code.byted.org/houruizhe/stream/factory.go:134.2,142.20 3 1
code.byted.org/houruizhe/stream/factory.go:128.30,130.3 1 1
code.byted.org/houruizhe/stream/factory.go:131.52,132.19 1 1
code.byted.org/houruizhe/stream/factory.go:146.65,148.2 1 1
code.byted.org/houruizhe/stream/factory.go:151.42,153.2 1 1
code.byted.org/houruizhe/stream/factory.go:156.31,157.45 1 1
code.byted.org/houruizhe/stream/factory.go:157.45,159.3 1 1
code.byted.org/houruizhe/stream/factory.go:163.45,165.2 1 1
code.byted.org/houruizhe/stream/factory.go:168.50,170.2 1 1
code.byted.org/houruizhe/stream/factory.go:173.60,174.100 1 1
code.byted.org/houruizhe/stream/factory.go:174.100,178.3 1 1
code.byted.org/houruizhe/stream/factory.go:182.54,184.2 1 1
code.byted.org/houruizhe/stream/factory.go:187.68,188.104 1 1
code.byted.org/houruizhe/stream/factory.go:188.104,190.3 1 1
code.byted.org/houruizhe/stream/impl.go:43.39,45.2 1 1
code.byted.org/houruizhe/stream/impl.go:48.65,54.2 1 1
code.byted.org/houruizhe/stream/impl.go:57.46,61.45 4 1
code.byted.org/houruizhe/stream/impl.go:64.2,64.13 1 1
code.byted.org/houruizhe/stream/impl.go:61.45,63.3 1 1
code.byted.org/houruizhe/stream/impl.go:68.55,70.40 2 1
code.byted.org/houruizhe/stream/impl.go:73.2,73.14 1 1
code.byted.org/houruizhe/stream/impl.go:70.40,72.3 1 1
code.byted.org/houruizhe/stream/impl.go:82.54,83.43 1 1
code.byted.org/houruizhe/stream/impl.go:83.43,84.50 1 1
code.byted.org/houruizhe/stream/impl.go:84.50,86.4 1 1
code.byted.org/houruizhe/stream/impl.go:86.30,87.15 1 1
code.byted.org/houruizhe/stream/impl.go:87.15,89.5 1 1
code.byted.org/houruizhe/stream/impl.go:96.51,97.43 1 1
code.byted.org/houruizhe/stream/impl.go:97.43,98.55 1 1
code.byted.org/houruizhe/stream/impl.go:98.55,100.4 1 1
code.byted.org/houruizhe/stream/impl.go:105.65,106.43 1 1
code.byted.org/houruizhe/stream/impl.go:106.43,107.50 1 1
code.byted.org/houruizhe/stream/impl.go:107.50,109.4 1 1
code.byted.org/houruizhe/stream/impl.go:109.30,112.4 2 1
code.byted.org/houruizhe/stream/impl.go:117.55,118.43 1 1
code.byted.org/houruizhe/stream/impl.go:118.43,119.55 1 1
code.byted.org/houruizhe/stream/impl.go:119.55,122.4 2 1
code.byted.org/houruizhe/stream/impl.go:132.64,133.43 1 1
code.byted.org/houruizhe/stream/impl.go:133.43,135.50 2 1
code.byted.org/houruizhe/stream/impl.go:135.50,138.4 2 1
code.byted.org/houruizhe/stream/impl.go:138.30,141.12 3 1
code.byted.org/houruizhe/stream/impl.go:141.12,144.5 2 1
code.byted.org/houruizhe/stream/impl.go:145.18,148.4 2 1
code.byted.org/houruizhe/stream/impl.go:153.54,154.43 1 1
code.byted.org/houruizhe/stream/impl.go:154.43,156.55 2 1
code.byted.org/houruizhe/stream/impl.go:156.55,157.16 1 1
code.byted.org/houruizhe/stream/impl.go:162.4,162.20 1 1
code.byted.org/houruizhe/stream/impl.go:157.16,159.5 1 1
code.byted.org/houruizhe/stream/impl.go:159.10,161.5 1 1
code.byted.org/houruizhe/stream/impl.go:163.30,165.4 1 1
code.byted.org/houruizhe/stream/impl.go:165.18,173.41 5 1
code.byted.org/houruizhe/stream/impl.go:176.4,178.14 3 1
code.byted.org/houruizhe/stream/impl.go:173.41,175.5 1 1
code.byted.org/houruizhe/stream/impl.go:184.46,185.43 1 1
code.byted.org/houruizhe/stream/impl.go:185.43,187.55 2 1
code.byted.org/houruizhe/stream/impl.go:187.55,188.16 1 1
code.byted.org/houruizhe/stream/impl.go:193.4,193.20 1 1
code.byted.org/houruizhe/stream/impl.go:188.16,189.23 1 1
code.byted.org/houruizhe/stream/impl.go:189.23,191.6 1 1
code.byted.org/houruizhe/stream/impl.go:194.30,195.23 1 1
code.byted.org/houruizhe/stream/impl.go:198.4,198.11 1 1
code.byted.org/houruizhe/stream/impl.go:195.23,197.5 1 1
code.byted.org/houruizhe/stream/impl.go:199.29,201.4 1 1
code.byted.org/houruizhe/stream/impl.go:206.39,207.43 1 1
code.byted.org/houruizhe/stream/impl.go:207.43,209.55 2 1
code.byted.org/houruizhe/stream/impl.go:209.55,210.16 1 1
code.byted.org/houruizhe/stream/impl.go:216.4,216.20 1 1
code.byted.org/houruizhe/stream/impl.go:210.16,212.17 2 1
code.byted.org/houruizhe/stream/impl.go:212.17,214.6 1 1
code.byted.org/houruizhe/stream/impl.go:217.30,218.18 1 1
code.byted.org/houruizhe/stream/impl.go:221.4,221.11 1 1
code.byted.org/houruizhe/stream/impl.go:218.18,220.5 1 1
code.byted.org/houruizhe/stream/impl.go:231.51,233.2 1 1
code.byted.org/houruizhe/stream/impl.go:236.38,237.46 1 1
code.byted.org/houruizhe/stream/impl.go:237.46,238.17 1 1
code.byted.org/houruizhe/stream/impl.go:241.3,241.28 1 1
code.byted.org/houruizhe/stream/impl.go:238.17,240.4 1 1
code.byted.org/houruizhe/stream/impl.go:242.42,246.3 3 1
code.byted.org/houruizhe/stream/impl.go:250.55,252.2 1 1
code.byted.org/houruizhe/stream/impl.go:255.54,257.45 2 1
code.byted.org/houruizhe/stream/impl.go:257.45,258.16 1 1
code.byted.org/houruizhe/stream/impl.go:261.3,261.45 1 1
code.byted.org/houruizhe/stream/impl.go:258.16,260.4 1 1
code.byted.org/houruizhe/stream/impl.go:262.42,266.3 3 1
code.byted.org/houruizhe/stream/impl.go:271.54,273.46 2 1
code.byted.org/houruizhe/stream/impl.go:280.2,280.15 1 1
code.byted.org/houruizhe/stream/impl.go:273.46,274.15 1 1
code.byted.org/houruizhe/stream/impl.go:274.15,276.4 1 1
code.byted.org/houruizhe/stream/impl.go:277.27,279.3 1 1
code.byted.org/houruizhe/stream/impl.go:284.55,286.46 2 1
code.byted.org/houruizhe/stream/impl.go:293.2,293.15 1 1
code.byted.org/houruizhe/stream/impl.go:286.46,287.14 1 1
code.byted.org/houruizhe/stream/impl.go:287.14,289.4 1 1
code.byted.org/houruizhe/stream/impl.go:290.27,292.3 1 1
code.byted.org/houruizhe/stream/impl.go:297.54,299.46 2 1
code.byted.org/houruizhe/stream/impl.go:306.2,306.15 1 1
code.byted.org/houruizhe/stream/impl.go:299.46,300.14 1 1
code.byted.org/houruizhe/stream/impl.go:300.14,302.4 1 1
code.byted.org/houruizhe/stream/impl.go:303.27,305.3 1 1
code.byted.org/houruizhe/stream/impl.go:309.77,312.46 3 1
code.byted.org/houruizhe/stream/impl.go:320.2,320.16 1 1
code.byted.org/houruizhe/stream/impl.go:323.2,323.25 1 1
code.byted.org/houruizhe/stream/impl.go:312.46,313.18 1 1
code.byted.org/houruizhe/stream/impl.go:313.18,316.4 2 1
code.byted.org/houruizhe/stream/impl.go:316.9,318.4 1 1
code.byted.org/houruizhe/stream/impl.go:320.16,322.3 1 1
code.byted.org/houruizhe/stream/impl.go:327.90,329.46 2 1
code.byted.org/houruizhe/stream/impl.go:332.2,332.15 1 1
code.byted.org/houruizhe/stream/impl.go:329.46,331.3 1 1
code.byted.org/houruizhe/stream/impl.go:336.100,338.46 2 1
code.byted.org/houruizhe/stream/impl.go:341.2,341.15 1 1
code.byted.org/houruizhe/stream/impl.go:338.46,340.3 1 1
code.byted.org/houruizhe/stream/impl.go:347.115,349.46 2 1
code.byted.org/houruizhe/stream/impl.go:354.2,354.15 1 1
code.byted.org/houruizhe/stream/impl.go:349.46,351.3 1 1
code.byted.org/houruizhe/stream/impl.go:351.29,353.3 1 1
code.byted.org/houruizhe/stream/impl.go:357.48,360.46 3 1
code.byted.org/houruizhe/stream/impl.go:368.2,368.36 1 1
code.byted.org/houruizhe/stream/impl.go:360.46,361.12 1 1
code.byted.org/houruizhe/stream/impl.go:361.12,364.4 2 1
code.byted.org/houruizhe/stream/impl.go:365.27,367.3 1 1
code.byted.org/houruizhe/stream/impl.go:372.32,373.71 1 1
code.byted.org/houruizhe/stream/impl.go:373.71,375.3 1 1
code.byted.org/houruizhe/stream/iterator.go:17.39,25.2 1 1
code.byted.org/houruizhe/stream/iterator.go:26.61,32.2 1 1
code.byted.org/houruizhe/stream/iterator.go:33.48,35.2 1 1
code.byted.org/houruizhe/stream/iterator.go:36.68,43.2 1 1
code.byted.org/houruizhe/stream/iterator.go:50.39,52.2 1 1
code.byted.org/houruizhe/stream/iterator.go:54.31,56.2 1 1
code.byted.org/houruizhe/stream/iterator.go:65.40,69.2 3 1
code.byted.org/houruizhe/stream/iterator.go:78.33,82.2 3 1
code.byted.org/houruizhe/stream/iterator.go:89.35,93.2 3 1
code.byted.org/houruizhe/stream/iterator.go:100.37,104.2 3 1
code.byted.org/houruizhe/stream/iterator.go:111.37,115.2 3 1
code.byted.org/houruizhe/stream/iterator.go:122.35,126.2 3 1
code.byted.org/houruizhe/stream/iterator.go:137.34,141.2 3 1
code.byted.org/houruizhe/stream/iterator.go:150.32,157.2 3 1
code.byted.org/houruizhe/stream/iterator.go:167.41,169.2 1 1
code.byted.org/houruizhe/stream/iterator.go:171.33,173.2 1 1
code.byted.org/houruizhe/stream/iterator.go:175.33,176.13 1 1
code.byted.org/houruizhe/stream/iterator.go:180.2,181.18 2 1
code.byted.org/houruizhe/stream/iterator.go:176.13,179.3 2 1
code.byted.org/houruizhe/stream/iterator.go:192.45,194.2 1 1
code.byted.org/houruizhe/stream/iterator.go:196.37,198.2 1 1
code.byted.org/houruizhe/stream/iterator.go:200.37,202.2 1 1
code.byted.org/houruizhe/stream/iterator.go:215.42,217.2 1 1
code.byted.org/houruizhe/stream/iterator.go:219.34,220.17 1 1
code.byted.org/houruizhe/stream/iterator.go:223.2,223.35 1 1
code.byted.org/houruizhe/stream/iterator.go:220.17,222.3 1 1
code.byted.org/houruizhe/stream/iterator.go:226.34,230.2 3 1
code.byted.org/houruizhe/stream/iterator.go:243.30,245.2 1 1
code.byted.org/houruizhe/stream/iterator.go:247.40,249.2 1 1
code.byted.org/houruizhe/stream/iterator.go:251.35,253.2 1 1
code.byted.org/houruizhe/stream/iterator.go:267.46,269.2 1 1
code.byted.org/houruizhe/stream/iterator.go:271.39,273.2 1 1
code.byted.org/houruizhe/stream/iterator.go:277.48,279.2 1 1
code.byted.org/houruizhe/stream/iterator.go:281.41,283.2 1 1
